Loaded 60000 training images and 10000 test images.
See ./data/training_batch.jpg to visualize a batch of training images
The model:
CNN(
  (conv1): Conv2d(1, 6, kernel_size=(5, 5), stride=(1, 1))
  (conv2): Conv2d(6, 12, kernel_size=(5, 5), stride=(1, 1))
  (fc1): Linear(in_features=192, out_features=120, bias=True)
  (fc2): Linear(in_features=120, out_features=60, bias=True)
  (out): Linear(in_features=60, out_features=10, bias=True)
)
Epoch 1:
[1,   100] loss: 3.970
[1,   200] loss: 2.289
[1,   300] loss: 1.255
[1,   400] loss: 0.989
[1,   500] loss: 0.886
[1,   600] loss: 0.826
[1,   700] loss: 0.775
[1,   800] loss: 0.790
[1,   900] loss: 0.747
[1,  1000] loss: 0.729
[1,  1100] loss: 0.707
[1,  1200] loss: 0.704
[1,  1300] loss: 0.690
[1,  1400] loss: 0.701
[1,  1500] loss: 0.635
[1,  1600] loss: 0.684
[1,  1700] loss: 0.650
[1,  1800] loss: 0.635
Test Error: 
 Accuracy: 75.5%, Avg loss: 0.657089 

Epoch 2:
[2,   100] loss: 0.598
[2,   200] loss: 0.597
[2,   300] loss: 0.599
[2,   400] loss: 0.579
[2,   500] loss: 0.572
[2,   600] loss: 0.560
[2,   700] loss: 0.546
[2,   800] loss: 0.604
[2,   900] loss: 0.575
[2,  1000] loss: 0.582
[2,  1100] loss: 0.534
[2,  1200] loss: 0.555
[2,  1300] loss: 0.521
[2,  1400] loss: 0.539
[2,  1500] loss: 0.516
[2,  1600] loss: 0.500
[2,  1700] loss: 0.514
[2,  1800] loss: 0.515
Test Error: 
 Accuracy: 80.1%, Avg loss: 0.525214 

Epoch 3:
[3,   100] loss: 0.518
[3,   200] loss: 0.490
[3,   300] loss: 0.514
[3,   400] loss: 0.497
[3,   500] loss: 0.433
[3,   600] loss: 0.461
[3,   700] loss: 0.459
[3,   800] loss: 0.497
[3,   900] loss: 0.490
[3,  1000] loss: 0.462
[3,  1100] loss: 0.469
[3,  1200] loss: 0.484
[3,  1300] loss: 0.468
[3,  1400] loss: 0.475
[3,  1500] loss: 0.466
[3,  1600] loss: 0.446
[3,  1700] loss: 0.467
[3,  1800] loss: 0.460
Test Error: 
 Accuracy: 83.4%, Avg loss: 0.457430 

Epoch 4:
[4,   100] loss: 0.436
[4,   200] loss: 0.420
[4,   300] loss: 0.442
[4,   400] loss: 0.468
[4,   500] loss: 0.444
[4,   600] loss: 0.428
[4,   700] loss: 0.409
[4,   800] loss: 0.445
[4,   900] loss: 0.475
[4,  1000] loss: 0.433
[4,  1100] loss: 0.412
[4,  1200] loss: 0.417
[4,  1300] loss: 0.422
[4,  1400] loss: 0.432
[4,  1500] loss: 0.429
[4,  1600] loss: 0.428
[4,  1700] loss: 0.427
[4,  1800] loss: 0.408
Test Error: 
 Accuracy: 84.5%, Avg loss: 0.424019 

Epoch 5:
[5,   100] loss: 0.413
[5,   200] loss: 0.416
[5,   300] loss: 0.402
[5,   400] loss: 0.400
[5,   500] loss: 0.424
[5,   600] loss: 0.412
[5,   700] loss: 0.412
[5,   800] loss: 0.388
[5,   900] loss: 0.391
[5,  1000] loss: 0.423
[5,  1100] loss: 0.406
[5,  1200] loss: 0.392
[5,  1300] loss: 0.384
[5,  1400] loss: 0.414
[5,  1500] loss: 0.408
[5,  1600] loss: 0.397
[5,  1700] loss: 0.402
[5,  1800] loss: 0.374
Test Error: 
 Accuracy: 84.5%, Avg loss: 0.415231 

Epoch 6:
[6,   100] loss: 0.406
[6,   200] loss: 0.366
[6,   300] loss: 0.355
[6,   400] loss: 0.379
[6,   500] loss: 0.408
[6,   600] loss: 0.388
[6,   700] loss: 0.356
[6,   800] loss: 0.354
[6,   900] loss: 0.386
[6,  1000] loss: 0.387
[6,  1100] loss: 0.386
[6,  1200] loss: 0.391
[6,  1300] loss: 0.371
[6,  1400] loss: 0.378
[6,  1500] loss: 0.379
[6,  1600] loss: 0.363
[6,  1700] loss: 0.385
[6,  1800] loss: 0.388
Test Error: 
 Accuracy: 85.0%, Avg loss: 0.396548 

Epoch 7:
[7,   100] loss: 0.353
[7,   200] loss: 0.352
[7,   300] loss: 0.384
[7,   400] loss: 0.373
[7,   500] loss: 0.365
[7,   600] loss: 0.352
[7,   700] loss: 0.382
[7,   800] loss: 0.365
[7,   900] loss: 0.359
[7,  1000] loss: 0.331
[7,  1100] loss: 0.367
[7,  1200] loss: 0.367
[7,  1300] loss: 0.334
[7,  1400] loss: 0.370
[7,  1500] loss: 0.359
[7,  1600] loss: 0.356
[7,  1700] loss: 0.369
[7,  1800] loss: 0.339
Test Error: 
 Accuracy: 86.2%, Avg loss: 0.376839 

Epoch 8:
[8,   100] loss: 0.335
[8,   200] loss: 0.360
[8,   300] loss: 0.345
[8,   400] loss: 0.339
[8,   500] loss: 0.354
[8,   600] loss: 0.349
[8,   700] loss: 0.360
[8,   800] loss: 0.319
[8,   900] loss: 0.366
[8,  1000] loss: 0.344
[8,  1100] loss: 0.359
[8,  1200] loss: 0.338
[8,  1300] loss: 0.355
[8,  1400] loss: 0.361
[8,  1500] loss: 0.349
[8,  1600] loss: 0.333
[8,  1700] loss: 0.337
[8,  1800] loss: 0.336
Test Error: 
 Accuracy: 86.5%, Avg loss: 0.364934 

Epoch 9:
[9,   100] loss: 0.368
[9,   200] loss: 0.321
[9,   300] loss: 0.346
[9,   400] loss: 0.324
[9,   500] loss: 0.313
[9,   600] loss: 0.365
[9,   700] loss: 0.329
[9,   800] loss: 0.327
[9,   900] loss: 0.339
[9,  1000] loss: 0.329
[9,  1100] loss: 0.336
[9,  1200] loss: 0.327
[9,  1300] loss: 0.338
[9,  1400] loss: 0.334
[9,  1500] loss: 0.337
[9,  1600] loss: 0.342
[9,  1700] loss: 0.331
[9,  1800] loss: 0.332
Test Error: 
 Accuracy: 86.9%, Avg loss: 0.350802 

Epoch 10:
[10,   100] loss: 0.331
[10,   200] loss: 0.333
[10,   300] loss: 0.342
[10,   400] loss: 0.302
[10,   500] loss: 0.333
[10,   600] loss: 0.314
[10,   700] loss: 0.331
[10,   800] loss: 0.326
[10,   900] loss: 0.313
[10,  1000] loss: 0.310
[10,  1100] loss: 0.311
[10,  1200] loss: 0.322
[10,  1300] loss: 0.330
[10,  1400] loss: 0.334
[10,  1500] loss: 0.331
[10,  1600] loss: 0.330
[10,  1700] loss: 0.317
[10,  1800] loss: 0.310
Test Error: 
 Accuracy: 87.1%, Avg loss: 0.350323 

Epoch 11:
[11,   100] loss: 0.307
[11,   200] loss: 0.315
[11,   300] loss: 0.322
[11,   400] loss: 0.325
[11,   500] loss: 0.352
[11,   600] loss: 0.331
[11,   700] loss: 0.300
[11,   800] loss: 0.318
[11,   900] loss: 0.320
[11,  1000] loss: 0.322
[11,  1100] loss: 0.303
[11,  1200] loss: 0.322
[11,  1300] loss: 0.326
[11,  1400] loss: 0.309
[11,  1500] loss: 0.295
[11,  1600] loss: 0.296
[11,  1700] loss: 0.317
[11,  1800] loss: 0.315
Test Error: 
 Accuracy: 87.3%, Avg loss: 0.354327 

Epoch 12:
[12,   100] loss: 0.307
[12,   200] loss: 0.314
[12,   300] loss: 0.302
[12,   400] loss: 0.320
[12,   500] loss: 0.305
[12,   600] loss: 0.290
[12,   700] loss: 0.328
[12,   800] loss: 0.303
[12,   900] loss: 0.311
[12,  1000] loss: 0.324
[12,  1100] loss: 0.286
[12,  1200] loss: 0.307
[12,  1300] loss: 0.294
[12,  1400] loss: 0.321
[12,  1500] loss: 0.288
[12,  1600] loss: 0.315
[12,  1700] loss: 0.333
[12,  1800] loss: 0.290
Test Error: 
 Accuracy: 87.7%, Avg loss: 0.338827 

Epoch 13:
[13,   100] loss: 0.297
[13,   200] loss: 0.306
[13,   300] loss: 0.304
[13,   400] loss: 0.310
[13,   500] loss: 0.299
[13,   600] loss: 0.297
[13,   700] loss: 0.313
[13,   800] loss: 0.284
[13,   900] loss: 0.280
[13,  1000] loss: 0.304
[13,  1100] loss: 0.305
[13,  1200] loss: 0.305
[13,  1300] loss: 0.306
[13,  1400] loss: 0.284
[13,  1500] loss: 0.279
[13,  1600] loss: 0.310
[13,  1700] loss: 0.297
[13,  1800] loss: 0.296
Test Error: 
 Accuracy: 87.5%, Avg loss: 0.349599 

Epoch 14:
[14,   100] loss: 0.297
[14,   200] loss: 0.288
[14,   300] loss: 0.295
[14,   400] loss: 0.288
[14,   500] loss: 0.287
[14,   600] loss: 0.293
[14,   700] loss: 0.284
[14,   800] loss: 0.294
[14,   900] loss: 0.288
[14,  1000] loss: 0.303
[14,  1100] loss: 0.299
[14,  1200] loss: 0.287
[14,  1300] loss: 0.291
[14,  1400] loss: 0.281
[14,  1500] loss: 0.323
[14,  1600] loss: 0.288
[14,  1700] loss: 0.279
[14,  1800] loss: 0.295
Test Error: 
 Accuracy: 87.9%, Avg loss: 0.325237 

Epoch 15:
[15,   100] loss: 0.282
[15,   200] loss: 0.292
[15,   300] loss: 0.264
[15,   400] loss: 0.264
[15,   500] loss: 0.294
[15,   600] loss: 0.290
[15,   700] loss: 0.279
[15,   800] loss: 0.301
[15,   900] loss: 0.275
[15,  1000] loss: 0.291
[15,  1100] loss: 0.269
[15,  1200] loss: 0.294
[15,  1300] loss: 0.288
[15,  1400] loss: 0.306
[15,  1500] loss: 0.288
[15,  1600] loss: 0.291
[15,  1700] loss: 0.279
[15,  1800] loss: 0.276
Test Error: 
 Accuracy: 88.3%, Avg loss: 0.323932 

Epoch 16:
[16,   100] loss: 0.285
[16,   200] loss: 0.290
[16,   300] loss: 0.287
[16,   400] loss: 0.275
[16,   500] loss: 0.262
[16,   600] loss: 0.288
[16,   700] loss: 0.283
[16,   800] loss: 0.279
[16,   900] loss: 0.277
[16,  1000] loss: 0.282
[16,  1100] loss: 0.284
[16,  1200] loss: 0.268
[16,  1300] loss: 0.271
[16,  1400] loss: 0.284
[16,  1500] loss: 0.278
[16,  1600] loss: 0.277
[16,  1700] loss: 0.292
[16,  1800] loss: 0.270
Test Error: 
 Accuracy: 87.5%, Avg loss: 0.337048 

Epoch 17:
[17,   100] loss: 0.285
[17,   200] loss: 0.268
[17,   300] loss: 0.250
[17,   400] loss: 0.263
[17,   500] loss: 0.273
[17,   600] loss: 0.255
[17,   700] loss: 0.269
[17,   800] loss: 0.284
[17,   900] loss: 0.281
[17,  1000] loss: 0.285
[17,  1100] loss: 0.258
[17,  1200] loss: 0.267
[17,  1300] loss: 0.255
[17,  1400] loss: 0.270
[17,  1500] loss: 0.305
[17,  1600] loss: 0.283
[17,  1700] loss: 0.300
[17,  1800] loss: 0.246
Test Error: 
 Accuracy: 88.3%, Avg loss: 0.317679 

Epoch 18:
[18,   100] loss: 0.273
[18,   200] loss: 0.256
[18,   300] loss: 0.276
[18,   400] loss: 0.278
[18,   500] loss: 0.271
[18,   600] loss: 0.259
[18,   700] loss: 0.277
[18,   800] loss: 0.252
[18,   900] loss: 0.261
[18,  1000] loss: 0.268
[18,  1100] loss: 0.268
[18,  1200] loss: 0.273
[18,  1300] loss: 0.249
[18,  1400] loss: 0.275
[18,  1500] loss: 0.277
[18,  1600] loss: 0.283
[18,  1700] loss: 0.253
[18,  1800] loss: 0.283
Test Error: 
 Accuracy: 88.2%, Avg loss: 0.330809 

Epoch 19:
[19,   100] loss: 0.264
[19,   200] loss: 0.280
[19,   300] loss: 0.262
[19,   400] loss: 0.256
[19,   500] loss: 0.235
[19,   600] loss: 0.276
[19,   700] loss: 0.260
[19,   800] loss: 0.258
[19,   900] loss: 0.273
[19,  1000] loss: 0.271
[19,  1100] loss: 0.245
[19,  1200] loss: 0.271
[19,  1300] loss: 0.291
[19,  1400] loss: 0.280
[19,  1500] loss: 0.263
[19,  1600] loss: 0.263
[19,  1700] loss: 0.254
[19,  1800] loss: 0.246
Test Error: 
 Accuracy: 88.4%, Avg loss: 0.311858 

Epoch 20:
[20,   100] loss: 0.249
[20,   200] loss: 0.253
[20,   300] loss: 0.248
[20,   400] loss: 0.231
[20,   500] loss: 0.247
[20,   600] loss: 0.272
[20,   700] loss: 0.249
[20,   800] loss: 0.258
[20,   900] loss: 0.271
[20,  1000] loss: 0.251
[20,  1100] loss: 0.245
[20,  1200] loss: 0.276
[20,  1300] loss: 0.272
[20,  1400] loss: 0.263
[20,  1500] loss: 0.257
[20,  1600] loss: 0.262
[20,  1700] loss: 0.246
[20,  1800] loss: 0.280
Test Error: 
 Accuracy: 88.7%, Avg loss: 0.304284 

Finished Training
